<?xml version="1.0" encoding="UTF-8"?>
<!-- Generated by org.testng.reporters.JUnitXMLReporter -->
<testsuite ignored="0" hostname="Niveen" failures="0" tests="3" name="Default test" time="8.151" errors="0" timestamp="2022-11-19T18:34:05 EET">
  <testcase classname="addItem.SwagLabTestCases" name="sortPriceOfItemsFromHighToLow" time="0.319"/>
  <testcase classname="addItem.SwagLabTestCases" name="sortPriceOfItemsFromLowToHigh" time="0.218"/>
  <testcase classname="addItem.SwagLabTestCases" name="addAllItemsToList" time="0.405"/>
</testsuite> <!-- Default test -->
